
ff: parsing domain file
domain 'SOKOBAN-DOMAIN' defined
 ... done.
ff: parsing problem file
problem 'SOKOBAN-P3' defined
 ... done.


no metric specified. plan length assumed.

checking for cyclic := effects --- OK.

ff: search configuration is EHC, if that fails then  best-first on 1*g(s) + 5*h(s) where
    metric is  plan length

Cueing down from goal distance:   10 into depth [1]
                                   9            [1][2][3][4][5][6][7][8][9]
                                   8            [1][2] --- pruning stopped --- [1][2][3][4][5][6][7][8][9]
                                   7            [1][2][3][4][5][6][7][8]
                                   6            [1]
                                   5            [1][2] --- pruning stopped --- [1][2][3][4][5][6][7][8]

Enforced Hill-climbing failed !
switching to Best-first Search now.


advancing to distance:   10
                          9
                          8
                          7
                          6
                          5
                          4
                          3
                          2
                          1
                          0

ff: found legal plan as follows

step    0: MOVE-PLAYER B42 B43
        1: MOVE-PLAYER B43 B53
        2: MOVE-PLAYER B53 B63
        3: MOVE-PLAYER B63 B64
        4: MOVE-PLAYER B64 B65
        5: MOVE-PLAYER B65 B55
        6: MOVE-PLAYER B55 B45
        7: PUSH-BOX B45 B44 B43
        8: PUSH-BOX B44 B43 B42
        9: MOVE-PLAYER B43 B44
       10: MOVE-PLAYER B44 B45
       11: MOVE-PLAYER B45 B55
       12: MOVE-PLAYER B55 B65
       13: MOVE-PLAYER B65 B66
       14: MOVE-PLAYER B66 B67
       15: MOVE-PLAYER B67 B57
       16: MOVE-PLAYER B57 B47
       17: PUSH-BOX B47 B46 B45
       18: PUSH-BOX B46 B45 B44
       19: MOVE-PLAYER B45 B46
       20: MOVE-PLAYER B46 B47
       21: MOVE-PLAYER B47 B37
       22: MOVE-PLAYER B37 B27
       23: MOVE-PLAYER B27 B17
       24: MOVE-PLAYER B17 B18
       25: MOVE-PLAYER B18 B19
       26: MOVE-PLAYER B19 B29
       27: MOVE-PLAYER B29 B39
       28: MOVE-PLAYER B39 B49
       29: PUSH-BOX B49 B48 B47
       30: PUSH-BOX B48 B47 B46
       31: MOVE-PLAYER B47 B57
       32: MOVE-PLAYER B57 B67
       33: MOVE-PLAYER B67 B66
       34: MOVE-PLAYER B66 B65
       35: MOVE-PLAYER B65 B55
       36: MOVE-PLAYER B55 B45
       37: PUSH-BOX B45 B46 B47
       38: MOVE-PLAYER B46 B45
       39: MOVE-PLAYER B45 B55
       40: MOVE-PLAYER B55 B65
       41: MOVE-PLAYER B65 B66
       42: MOVE-PLAYER B66 B67
       43: MOVE-PLAYER B67 B57
       44: PUSH-BOX B57 B47 B37
       45: MOVE-PLAYER B47 B57
       46: MOVE-PLAYER B57 B67
       47: MOVE-PLAYER B67 B66
       48: MOVE-PLAYER B66 B65
       49: MOVE-PLAYER B65 B64
       50: MOVE-PLAYER B64 B63
       51: MOVE-PLAYER B63 B53
       52: MOVE-PLAYER B53 B43
       53: PUSH-BOX B43 B44 B45
       54: PUSH-BOX B44 B45 B46
       55: MOVE-PLAYER B45 B55
       56: MOVE-PLAYER B55 B65
       57: MOVE-PLAYER B65 B64
       58: MOVE-PLAYER B64 B63
       59: MOVE-PLAYER B63 B62
       60: MOVE-PLAYER B62 B61
       61: MOVE-PLAYER B61 B51
       62: MOVE-PLAYER B51 B41
       63: PUSH-BOX B41 B42 B43
       64: PUSH-BOX B42 B43 B44
       65: MOVE-PLAYER B43 B53
       66: MOVE-PLAYER B53 B63
       67: MOVE-PLAYER B63 B64
       68: MOVE-PLAYER B64 B65
       69: MOVE-PLAYER B65 B66
       70: MOVE-PLAYER B66 B67
       71: MOVE-PLAYER B67 B57
       72: MOVE-PLAYER B57 B47
       73: PUSH-BOX B47 B37 B27
       74: PUSH-BOX B37 B27 B17
       75: MOVE-PLAYER B27 B37
       76: MOVE-PLAYER B37 B47
       77: MOVE-PLAYER B47 B57
       78: MOVE-PLAYER B57 B67
       79: MOVE-PLAYER B67 B66
       80: MOVE-PLAYER B66 B65
       81: MOVE-PLAYER B65 B55
       82: MOVE-PLAYER B55 B45
       83: PUSH-BOX B45 B46 B47
       84: MOVE-PLAYER B46 B45
       85: MOVE-PLAYER B45 B55
       86: MOVE-PLAYER B55 B65
       87: MOVE-PLAYER B65 B66
       88: MOVE-PLAYER B66 B67
       89: MOVE-PLAYER B67 B57
       90: PUSH-BOX B57 B47 B37
       91: MOVE-PLAYER B47 B57
       92: MOVE-PLAYER B57 B67
       93: MOVE-PLAYER B67 B66
       94: MOVE-PLAYER B66 B65
       95: MOVE-PLAYER B65 B64
       96: MOVE-PLAYER B64 B63
       97: MOVE-PLAYER B63 B53
       98: MOVE-PLAYER B53 B43
       99: PUSH-BOX B43 B44 B45
      100: PUSH-BOX B44 B45 B46
      101: MOVE-PLAYER B45 B55
      102: MOVE-PLAYER B55 B65
      103: MOVE-PLAYER B65 B66
      104: MOVE-PLAYER B66 B67
      105: MOVE-PLAYER B67 B57
      106: MOVE-PLAYER B57 B47
      107: PUSH-BOX B47 B37 B27
      108: MOVE-PLAYER B37 B47
      109: MOVE-PLAYER B47 B57
      110: MOVE-PLAYER B57 B67
      111: MOVE-PLAYER B67 B66
      112: MOVE-PLAYER B66 B65
      113: MOVE-PLAYER B65 B55
      114: MOVE-PLAYER B55 B45
      115: PUSH-BOX B45 B46 B47
      116: MOVE-PLAYER B46 B45
      117: MOVE-PLAYER B45 B55
      118: MOVE-PLAYER B55 B65
      119: MOVE-PLAYER B65 B66
      120: MOVE-PLAYER B66 B67
      121: MOVE-PLAYER B67 B57
      122: PUSH-BOX B57 B47 B37
     

time spent:    0.00 seconds instantiating 104 easy, 0 hard action templates
               0.00 seconds reachability analysis, yielding 68 facts and 82 actions
               0.00 seconds creating final representation with 55 relevant facts, 0 relevant fluents
               0.00 seconds computing LNF
               0.00 seconds building connectivity graph
               0.04 seconds searching, evaluating 4996 states, to a max depth of 9
               0.04 seconds total time

