Begin solver specification
    -maxint        0   -maxsec 0.000000  chaff
End solver specification
Loading domain file: sokoban-domain.pddl
Loading fact file: sokoban-p4.pddl
Problem name: sokoban-p4
Facts loaded.
time: 1, 107 facts and 3 exclusive pairs.
time: 2, 109 facts and 10 exclusive pairs.
time: 3, 112 facts and 28 exclusive pairs.
time: 4, 116 facts and 66 exclusive pairs.
time: 5, 127 facts and 262 exclusive pairs.
time: 6, 129 facts and 299 exclusive pairs.
time: 7, 130 facts and 292 exclusive pairs.
time: 8, 130 facts and 265 exclusive pairs.
time: 9, 130 facts and 230 exclusive pairs.
time: 10, 131 facts and 239 exclusive pairs.
time: 11, 131 facts and 226 exclusive pairs.
time: 12, 131 facts and 214 exclusive pairs.
time: 13, 131 facts and 208 exclusive pairs.
time: 14, 131 facts and 205 exclusive pairs.
time: 15, 131 facts and 204 exclusive pairs.
time: 16, 131 facts and 203 exclusive pairs.
time: 17, 131 facts and 203 exclusive pairs.
5125 nodes created.

----------------------------------------------------
NO SOLUTION
Problem not solvable: can't even reach non-mutex goals
    Search halted after 0 steps
    0 entries in hash table and 0 hits
    avg set size 0
----------------------------------------------------

####################################################
Total elapsed time:   0.06 seconds
Time in milliseconds: 56

####################################################
