Begin solver specification
    -maxint        0   -maxsec 0.000000  chaff
End solver specification
Loading domain file: sokoban-domain.pddl
Loading fact file: sokoban-p3.pddl
Problem name: sokoban-p3
Facts loaded.
time: 1, 133 facts and 3 exclusive pairs.
time: 2, 138 facts and 31 exclusive pairs.
time: 3, 140 facts and 46 exclusive pairs.
time: 4, 142 facts and 63 exclusive pairs.
time: 5, 143 facts and 71 exclusive pairs.
time: 6, 145 facts and 92 exclusive pairs.
time: 7, 147 facts and 119 exclusive pairs.
time: 8, 152 facts and 211 exclusive pairs.
time: 9, 154 facts and 250 exclusive pairs.
time: 10, 159 facts and 363 exclusive pairs.
time: 11, 160 facts and 376 exclusive pairs.
time: 12, 161 facts and 362 exclusive pairs.
time: 13, 162 facts and 367 exclusive pairs.
time: 14, 163 facts and 365 exclusive pairs.
time: 15, 165 facts and 403 exclusive pairs.
time: 16, 167 facts and 441 exclusive pairs.
time: 17, 169 facts and 490 exclusive pairs.
Goals reachable at 17 steps but mutually exclusive.
time: 18, 169 facts and 467 exclusive pairs.
Goals reachable at 18 steps but mutually exclusive.
time: 19, 169 facts and 448 exclusive pairs.
Goals reachable at 19 steps but mutually exclusive.
time: 20, 169 facts and 435 exclusive pairs.
Goals reachable at 20 steps but mutually exclusive.
time: 21, 169 facts and 426 exclusive pairs.
Goals reachable at 21 steps but mutually exclusive.
time: 22, 169 facts and 418 exclusive pairs.
Goals reachable at 22 steps but mutually exclusive.
time: 23, 169 facts and 412 exclusive pairs.
Goals reachable at 23 steps but mutually exclusive.
time: 24, 169 facts and 407 exclusive pairs.
Goals reachable at 24 steps but mutually exclusive.
time: 25, 169 facts and 404 exclusive pairs.
Goals reachable at 25 steps but mutually exclusive.
time: 26, 169 facts and 404 exclusive pairs.
Goals reachable at 26 steps but mutually exclusive.
9750 nodes created.
Goals reachable at 26 steps but mutually exclusive.

----------------------------------------------------
NO SOLUTION
Problem not solvable: can't even reach non-mutex goals
    Search halted after 0 steps
    0 entries in hash table and 0 hits
    avg set size 0
----------------------------------------------------

####################################################
Total elapsed time:   0.14 seconds
Time in milliseconds: 141

####################################################
