Begin solver specification
    -maxint        0   -maxsec 0.000000  chaff
End solver specification
Loading domain file: sokoban-domain.pddl
Loading fact file: sokoban-p1.pddl
Problem name: sokoban-1
Facts loaded.
time: 1, 64 facts and 3 exclusive pairs.
time: 2, 68 facts and 21 exclusive pairs.
time: 3, 74 facts and 81 exclusive pairs.
time: 4, 76 facts and 104 exclusive pairs.
time: 5, 77 facts and 109 exclusive pairs.
time: 6, 78 facts and 116 exclusive pairs.
time: 7, 78 facts and 109 exclusive pairs.
time: 8, 79 facts and 117 exclusive pairs.
time: 9, 81 facts and 147 exclusive pairs.
time: 10, 81 facts and 135 exclusive pairs.
time: 11, 81 facts and 126 exclusive pairs.
time: 12, 82 facts and 139 exclusive pairs.
time: 13, 83 facts and 153 exclusive pairs.
time: 14, 84 facts and 166 exclusive pairs.
Goals first reachable in 14 steps.
2670 nodes created.

####################################################
goals at time 15:
  box-at_b12 


----------------------------------------------------
** Turning off completeness check **
Converting graph to wff
number of action variables = 1054
number of fluent variables = 802
total number variables = 1856
number clauses = 12400
Result is Sat
Iteration was 0
Performing plan justification:
   0 actions were pruned in 0.00 seconds

----------------------------------------------------
Begin plan
1 (move-player b22 b32)
2 (move-player b32 b33)
3 (move-player b33 b34)
4 (move-player b34 b44)
5 (push-box b44 b43 b42)
6 (move-player b43 b33)
7 (move-player b33 b32)
8 (move-player b32 b31)
9 (move-player b31 b41)
10 (move-player b41 b51)
11 (move-player b51 b52)
12 (push-box b52 b42 b32)
13 (push-box b42 b32 b22)
14 (push-box b32 b22 b12)
End plan
----------------------------------------------------

14 total actions in plan
0 entries in hash table, 
13 total set-creation steps (entries + hits + plan length - 1)
0 actions tried

####################################################
Total elapsed time:   0.05 seconds
Time in milliseconds: 45

####################################################
