This file contains any messages produced by compilers while
running configure, to aid debugging if configure makes a mistake.

It was created by VHPOP configure 2.2, which was
generated by GNU Autoconf 2.53.  Invocation command line was

  $ ./configure 

## --------- ##
## Platform. ##
## --------- ##

hostname = Sparky
uname -m = x86_64
uname -r = 3.8.0-30-generic
uname -s = Linux
uname -v = #44-Ubuntu SMP Thu Aug 22 20:52:24 UTC 2013

/usr/bin/uname -p = unknown
/bin/uname -X     = unknown

/bin/arch              = unknown
/usr/bin/arch -k       = unknown
/usr/convex/getsysinfo = unknown
hostinfo               = unknown
/bin/machine           = unknown
/usr/bin/oslevel       = unknown
/bin/universe          = unknown

PATH: /home/sparky/.rvm/gems/ruby-1.9.3-p194/bin
PATH: /home/sparky/.rvm/gems/ruby-1.9.3-p194@global/bin
PATH: /home/sparky/.rvm/rubies/ruby-1.9.3-p194/bin
PATH: /home/sparky/.rvm/bin
PATH: /home/sparky/bin/processing
PATH: /home/sparky/bin/arduino
PATH: /opt/ros/groovy/bin
PATH: /usr/local/heroku/bin
PATH: /home/sparky/bin
PATH: /usr/lib/lightdm/lightdm
PATH: /usr/local/sbin
PATH: /usr/local/bin
PATH: /usr/sbin
PATH: /usr/bin
PATH: /sbin
PATH: /bin
PATH: /usr/games
PATH: /usr/local/games
PATH: /home/sparky/.rvm/bin


## ----------- ##
## Core tests. ##
## ----------- ##

configure:1254: checking for a BSD-compatible install
configure:1308: result: /usr/bin/install -c
configure:1319: checking whether build environment is sane
configure:1362: result: yes
configure:1387: WARNING: `missing' script is too old or missing
configure:1395: checking for gawk
configure:1424: result: no
configure:1395: checking for mawk
configure:1411: found /usr/bin/mawk
configure:1421: result: mawk
configure:1431: checking whether make sets ${MAKE}
configure:1451: result: yes
configure:1656: checking for g++
configure:1672: found /usr/bin/g++
configure:1682: result: g++
configure:1698: checking for C++ compiler version
configure:1701: g++ --version </dev/null >&5
g++ (Ubuntu/Linaro 4.7.3-1ubuntu1) 4.7.3
Copyright (C) 2012 Free Software Foundation, Inc.
This is free software; see the source for copying conditions.  There is NO
warranty; not even for MERCHANTABILITY or FITNESS FOR A PARTICULAR PURPOSE.

configure:1704: $? = 0
configure:1706: g++ -v </dev/null >&5
Using built-in specs.
COLLECT_GCC=g++
COLLECT_LTO_WRAPPER=/usr/lib/gcc/x86_64-linux-gnu/4.7/lto-wrapper
Target: x86_64-linux-gnu
Configured with: ../src/configure -v --with-pkgversion='Ubuntu/Linaro 4.7.3-1ubuntu1' --with-bugurl=file:///usr/share/doc/gcc-4.7/README.Bugs --enable-languages=c,c++,go,fortran,objc,obj-c++ --prefix=/usr --program-suffix=-4.7 --enable-shared --enable-linker-build-id --libexecdir=/usr/lib --without-included-gettext --enable-threads=posix --with-gxx-include-dir=/usr/include/c++/4.7 --libdir=/usr/lib --enable-nls --with-sysroot=/ --enable-clocale=gnu --enable-libstdcxx-debug --enable-libstdcxx-time=yes --enable-gnu-unique-object --enable-plugin --with-system-zlib --enable-objc-gc --with-cloog --enable-cloog-backend=ppl --disable-cloog-version-check --disable-ppl-version-check --enable-multiarch --disable-werror --with-arch-32=i686 --with-abi=m64 --with-multilib-list=m32,m64,mx32 --with-tune=generic --enable-checking=release --build=x86_64-linux-gnu --host=x86_64-linux-gnu --target=x86_64-linux-gnu
Thread model: posix
gcc version 4.7.3 (Ubuntu/Linaro 4.7.3-1ubuntu1) 
configure:1709: $? = 0
configure:1711: g++ -V </dev/null >&5
g++: error: unrecognized command line option '-V'
g++: fatal error: no input files
compilation terminated.
configure:1714: $? = 4
configure:1740: checking for C++ compiler default output
configure:1743: g++    conftest.cc  >&5
configure:1746: $? = 0
configure:1779: result: a.out
configure:1784: checking whether the C++ compiler works
configure:1790: ./a.out
configure:1793: $? = 0
configure:1808: result: yes
configure:1815: checking whether we are cross compiling
configure:1817: result: no
configure:1820: checking for suffix of executables
configure:1822: g++ -o conftest    conftest.cc  >&5
configure:1825: $? = 0
configure:1847: result: 
configure:1853: checking for suffix of object files
configure:1877: g++ -c   conftest.cc >&5
configure:1880: $? = 0
configure:1899: result: o
configure:1903: checking whether we are using the GNU C++ compiler
configure:1930: g++ -c   conftest.cc >&5
configure:1933: $? = 0
configure:1936: test -s conftest.o
configure:1939: $? = 0
configure:1951: result: yes
configure:1957: checking whether g++ accepts -g
configure:1981: g++ -c -g  conftest.cc >&5
configure:1984: $? = 0
configure:1987: test -s conftest.o
configure:1990: $? = 0
configure:2000: result: yes
configure:2046: g++ -c -g -O2  conftest.cc >&5
configure:2049: $? = 0
configure:2052: test -s conftest.o
configure:2055: $? = 0
configure:2083: g++ -c -g -O2  conftest.cc >&5
configure: In function 'int main()':
configure:2075:9: error: 'exit' was not declared in this scope
configure:2086: $? = 1
configure: failed program was:
#line 2064 "configure"
#include "confdefs.h"

#ifdef F77_DUMMY_MAIN
#  ifdef __cplusplus
     extern "C"
#  endif
   int F77_DUMMY_MAIN() { return 1; }
#endif
int
main ()
{
exit (42);
  ;
  return 0;
}
configure:2046: g++ -c -g -O2  conftest.cc >&5
configure:2049: $? = 0
configure:2052: test -s conftest.o
configure:2055: $? = 0
configure:2083: g++ -c -g -O2  conftest.cc >&5
configure:2086: $? = 0
configure:2089: test -s conftest.o
configure:2092: $? = 0
configure:2133: checking for style of include used by make
configure:2161: result: GNU
configure:2189: checking dependency style of g++
configure:2251: result: gcc3
configure:2302: checking for gcc
configure:2318: found /usr/bin/gcc
configure:2328: result: gcc
configure:2572: checking for C compiler version
configure:2575: gcc --version </dev/null >&5
gcc (Ubuntu/Linaro 4.7.3-1ubuntu1) 4.7.3
Copyright (C) 2012 Free Software Foundation, Inc.
This is free software; see the source for copying conditions.  There is NO
warranty; not even for MERCHANTABILITY or FITNESS FOR A PARTICULAR PURPOSE.

configure:2578: $? = 0
configure:2580: gcc -v </dev/null >&5
Using built-in specs.
COLLECT_GCC=gcc
COLLECT_LTO_WRAPPER=/usr/lib/gcc/x86_64-linux-gnu/4.7/lto-wrapper
Target: x86_64-linux-gnu
Configured with: ../src/configure -v --with-pkgversion='Ubuntu/Linaro 4.7.3-1ubuntu1' --with-bugurl=file:///usr/share/doc/gcc-4.7/README.Bugs --enable-languages=c,c++,go,fortran,objc,obj-c++ --prefix=/usr --program-suffix=-4.7 --enable-shared --enable-linker-build-id --libexecdir=/usr/lib --without-included-gettext --enable-threads=posix --with-gxx-include-dir=/usr/include/c++/4.7 --libdir=/usr/lib --enable-nls --with-sysroot=/ --enable-clocale=gnu --enable-libstdcxx-debug --enable-libstdcxx-time=yes --enable-gnu-unique-object --enable-plugin --with-system-zlib --enable-objc-gc --with-cloog --enable-cloog-backend=ppl --disable-cloog-version-check --disable-ppl-version-check --enable-multiarch --disable-werror --with-arch-32=i686 --with-abi=m64 --with-multilib-list=m32,m64,mx32 --with-tune=generic --enable-checking=release --build=x86_64-linux-gnu --host=x86_64-linux-gnu --target=x86_64-linux-gnu
Thread model: posix
gcc version 4.7.3 (Ubuntu/Linaro 4.7.3-1ubuntu1) 
configure:2583: $? = 0
configure:2585: gcc -V </dev/null >&5
gcc: error: unrecognized command line option '-V'
gcc: fatal error: no input files
compilation terminated.
configure:2588: $? = 4
configure:2591: checking whether we are using the GNU C compiler
configure:2618: gcc -c   conftest.c >&5
configure:2621: $? = 0
configure:2624: test -s conftest.o
configure:2627: $? = 0
configure:2639: result: yes
configure:2645: checking whether gcc accepts -g
configure:2669: gcc -c -g  conftest.c >&5
configure:2672: $? = 0
configure:2675: test -s conftest.o
configure:2678: $? = 0
configure:2688: result: yes
configure:2715: gcc -c -g -O2  conftest.c >&5
conftest.c:2:3: error: unknown type name 'choke'
conftest.c:2:3: error: expected '=', ',', ';', 'asm' or '__attribute__' at end of input
configure:2718: $? = 1
configure: failed program was:
#ifndef __cplusplus
  choke me
#endif
configure:2830: checking dependency style of gcc
configure:2892: result: gcc3
configure:2909: checking for a BSD-compatible install
configure:2963: result: /usr/bin/install -c
configure:2978: checking for gawk
configure:3004: result: mawk
configure:3019: checking for flex
configure:3048: result: no
configure:3019: checking for lex
configure:3048: result: no
configure:3058: checking for yywrap in -lfl
configure:3091: gcc -o conftest -g -O2   conftest.c -lfl   >&5
/usr/bin/ld: cannot find -lfl
collect2: error: ld returned 1 exit status
configure:3094: $? = 1
configure: failed program was:
#line 3065 "configure"
#include "confdefs.h"

/* Override any gcc2 internal prototype to avoid an error.  */
#ifdef __cplusplus
extern "C"
#endif
/* We use char because int might match the return type of a gcc2
   builtin and then its argument prototype would still apply.  */
char yywrap ();
#ifdef F77_DUMMY_MAIN
#  ifdef __cplusplus
     extern "C"
#  endif
   int F77_DUMMY_MAIN() { return 1; }
#endif
int
main ()
{
yywrap ();
  ;
  return 0;
}
configure:3111: result: no
configure:3116: checking for yywrap in -ll
configure:3149: gcc -o conftest -g -O2   conftest.c -ll   >&5
/usr/bin/ld: cannot find -ll
collect2: error: ld returned 1 exit status
configure:3152: $? = 1
configure: failed program was:
#line 3123 "configure"
#include "confdefs.h"

/* Override any gcc2 internal prototype to avoid an error.  */
#ifdef __cplusplus
extern "C"
#endif
/* We use char because int might match the return type of a gcc2
   builtin and then its argument prototype would still apply.  */
char yywrap ();
#ifdef F77_DUMMY_MAIN
#  ifdef __cplusplus
     extern "C"
#  endif
   int F77_DUMMY_MAIN() { return 1; }
#endif
int
main ()
{
yywrap ();
  ;
  return 0;
}
configure:3169: result: no
configure:3266: checking for bison
configure:3282: found /usr/bin/bison
configure:3292: result: bison -y
configure:3305: checking for library containing gettext
configure:3338: gcc -o conftest -g -O2   conftest.c  >&5
configure:3320:6: warning: conflicting types for built-in function 'gettext' [enabled by default]
configure:3341: $? = 0
configure:3344: test -s conftest
configure:3347: $? = 0
configure:3406: result: none required
configure:3420: checking how to run the C preprocessor
configure:3446: gcc -E  conftest.c
configure:3452: $? = 0
configure:3479: gcc -E  conftest.c
configure:3475:28: fatal error: ac_nonexistent.h: No such file or directory
compilation terminated.
configure:3485: $? = 1
configure: failed program was:
#line 3474 "configure"
#include "confdefs.h"
#include <ac_nonexistent.h>
configure:3522: result: gcc -E
configure:3537: gcc -E  conftest.c
configure:3543: $? = 0
configure:3570: gcc -E  conftest.c
configure:3566:28: fatal error: ac_nonexistent.h: No such file or directory
compilation terminated.
configure:3576: $? = 1
configure: failed program was:
#line 3565 "configure"
#include "confdefs.h"
#include <ac_nonexistent.h>
configure:3618: checking for working alloca.h
configure:3642: gcc -o conftest -g -O2   conftest.c  >&5
configure:3645: $? = 0
configure:3648: test -s conftest
configure:3651: $? = 0
configure:3661: result: yes
configure:3671: checking for alloca
configure:3715: gcc -o conftest -g -O2   conftest.c  >&5
configure:3718: $? = 0
configure:3721: test -s conftest
configure:3724: $? = 0
configure:3734: result: yes
configure:3924: checking for ANSI C header files
configure:3938: gcc -E  conftest.c
configure:3944: $? = 0
configure:4031: gcc -o conftest -g -O2   conftest.c  >&5
configure: In function 'main':
configure:4022:7: warning: incompatible implicit declaration of built-in function 'exit' [enabled by default]
configure:4034: $? = 0
configure:4036: ./conftest
configure:4039: $? = 0
configure:4053: result: yes
configure:4077: checking for sys/types.h
configure:4090: gcc -c -g -O2  conftest.c >&5
configure:4093: $? = 0
configure:4096: test -s conftest.o
configure:4099: $? = 0
configure:4109: result: yes
configure:4077: checking for sys/stat.h
configure:4090: gcc -c -g -O2  conftest.c >&5
configure:4093: $? = 0
configure:4096: test -s conftest.o
configure:4099: $? = 0
configure:4109: result: yes
configure:4077: checking for stdlib.h
configure:4090: gcc -c -g -O2  conftest.c >&5
configure:4093: $? = 0
configure:4096: test -s conftest.o
configure:4099: $? = 0
configure:4109: result: yes
configure:4077: checking for string.h
configure:4090: gcc -c -g -O2  conftest.c >&5
configure:4093: $? = 0
configure:4096: test -s conftest.o
configure:4099: $? = 0
configure:4109: result: yes
configure:4077: checking for memory.h
configure:4090: gcc -c -g -O2  conftest.c >&5
configure:4093: $? = 0
configure:4096: test -s conftest.o
configure:4099: $? = 0
configure:4109: result: yes
configure:4077: checking for strings.h
configure:4090: gcc -c -g -O2  conftest.c >&5
configure:4093: $? = 0
configure:4096: test -s conftest.o
configure:4099: $? = 0
configure:4109: result: yes
configure:4077: checking for inttypes.h
configure:4090: gcc -c -g -O2  conftest.c >&5
configure:4093: $? = 0
configure:4096: test -s conftest.o
configure:4099: $? = 0
configure:4109: result: yes
configure:4077: checking for stdint.h
configure:4090: gcc -c -g -O2  conftest.c >&5
configure:4093: $? = 0
configure:4096: test -s conftest.o
configure:4099: $? = 0
configure:4109: result: yes
configure:4077: checking for unistd.h
configure:4090: gcc -c -g -O2  conftest.c >&5
configure:4093: $? = 0
configure:4096: test -s conftest.o
configure:4099: $? = 0
configure:4109: result: yes
configure:4140: checking libintl.h usability
configure:4149: gcc -c -g -O2  conftest.c >&5
configure:4152: $? = 0
configure:4155: test -s conftest.o
configure:4158: $? = 0
configure:4167: result: yes
configure:4171: checking libintl.h presence
configure:4178: gcc -E  conftest.c
configure:4184: $? = 0
configure:4202: result: yes
configure:4220: checking for libintl.h
configure:4227: result: yes
configure:4131: checking for stdlib.h
configure:4136: result: yes
configure:4131: checking for string.h
configure:4136: result: yes
configure:4131: checking for strings.h
configure:4136: result: yes
configure:4140: checking sys/time.h usability
configure:4149: gcc -c -g -O2  conftest.c >&5
configure:4152: $? = 0
configure:4155: test -s conftest.o
configure:4158: $? = 0
configure:4167: result: yes
configure:4171: checking sys/time.h presence
configure:4178: gcc -E  conftest.c
configure:4184: $? = 0
configure:4202: result: yes
configure:4220: checking for sys/time.h
configure:4227: result: yes
configure:4131: checking for unistd.h
configure:4136: result: yes
configure:4242: checking for gcc option to accept ANSI C
configure:4305: gcc  -c -g -O2  conftest.c >&5
configure:4308: $? = 0
configure:4311: test -s conftest.o
configure:4314: $? = 0
configure:4331: result: none needed
configure:4339: checking for an ANSI C-conforming const
configure:4409: gcc -c -g -O2  conftest.c >&5
configure:4412: $? = 0
configure:4415: test -s conftest.o
configure:4418: $? = 0
configure:4428: result: yes
configure:4438: checking for inline
configure:4455: gcc -c -g -O2  conftest.c >&5
configure:4458: $? = 0
configure:4461: test -s conftest.o
configure:4464: $? = 0
configure:4475: result: inline
configure:4490: checking for size_t
configure:4517: gcc -c -g -O2  conftest.c >&5
configure:4520: $? = 0
configure:4523: test -s conftest.o
configure:4526: $? = 0
configure:4536: result: yes
configure:4555: checking for stdlib.h
configure:4560: result: yes
configure:4664: checking for working malloc
configure:4696: gcc -o conftest -g -O2   conftest.c  >&5
configure:4699: $? = 0
configure:4701: ./conftest
configure:4704: $? = 0
configure:4717: result: yes
configure:4736: checking for atexit
configure:4779: gcc -o conftest -g -O2   conftest.c  >&5
configure:4782: $? = 0
configure:4785: test -s conftest
configure:4788: $? = 0
configure:4798: result: yes
configure:4736: checking for memset
configure:4779: gcc -o conftest -g -O2   conftest.c  >&5
configure:4751:6: warning: conflicting types for built-in function 'memset' [enabled by default]
configure:4782: $? = 0
configure:4785: test -s conftest
configure:4788: $? = 0
configure:4798: result: yes
configure:4736: checking for select
configure:4779: gcc -o conftest -g -O2   conftest.c  >&5
configure:4782: $? = 0
configure:4785: test -s conftest
configure:4788: $? = 0
configure:4798: result: yes
configure:4736: checking for strcasecmp
configure:4779: gcc -o conftest -g -O2   conftest.c  >&5
configure:4751:6: warning: conflicting types for built-in function 'strcasecmp' [enabled by default]
configure:4782: $? = 0
configure:4785: test -s conftest
configure:4788: $? = 0
configure:4798: result: yes
configure:4736: checking for strerror
configure:4779: gcc -o conftest -g -O2   conftest.c  >&5
configure:4782: $? = 0
configure:4785: test -s conftest
configure:4788: $? = 0
configure:4798: result: yes
configure:4736: checking for strncasecmp
configure:4779: gcc -o conftest -g -O2   conftest.c  >&5
configure:4751:6: warning: conflicting types for built-in function 'strncasecmp' [enabled by default]
configure:4782: $? = 0
configure:4785: test -s conftest
configure:4788: $? = 0
configure:4798: result: yes
configure:4812: checking for getopt_long
configure:4855: gcc -o conftest -g -O2   conftest.c  >&5
configure:4858: $? = 0
configure:4861: test -s conftest
configure:4864: $? = 0
configure:4874: result: yes
configure:4890: checking for isinf
configure:4933: gcc -o conftest -g -O2   conftest.c  >&5
configure:4905:6: warning: conflicting types for built-in function 'isinf' [enabled by default]
configure:4936: $? = 0
configure:4939: test -s conftest
configure:4942: $? = 0
configure:4952: result: yes
configure:5179: creating ./config.status

## ---------------------- ##
## Running config.status. ##
## ---------------------- ##

This file was extended by VHPOP config.status 2.2, which was
generated by GNU Autoconf 2.53.  Invocation command line was

  CONFIG_FILES    = 
  CONFIG_HEADERS  = 
  CONFIG_LINKS    = 
  CONFIG_COMMANDS = 
  $ ./config.status 

on Sparky

config.status:609: creating Makefile
config.status:713: creating config.h
config.status:854: config.h is unchanged
config.status:955: executing depfiles commands

## ---------------- ##
## Cache variables. ##
## ---------------- ##

ac_cv_c_compiler_gnu=yes
ac_cv_c_const=yes
ac_cv_c_inline=inline
ac_cv_cxx_compiler_gnu=yes
ac_cv_env_CC_set=
ac_cv_env_CC_value=
ac_cv_env_CFLAGS_set=
ac_cv_env_CFLAGS_value=
ac_cv_env_CPPFLAGS_set=
ac_cv_env_CPPFLAGS_value=
ac_cv_env_CPP_set=
ac_cv_env_CPP_value=
ac_cv_env_CXXFLAGS_set=
ac_cv_env_CXXFLAGS_value=
ac_cv_env_CXX_set=
ac_cv_env_CXX_value=
ac_cv_env_LDFLAGS_set=
ac_cv_env_LDFLAGS_value=
ac_cv_env_build_alias_set=
ac_cv_env_build_alias_value=
ac_cv_env_host_alias_set=
ac_cv_env_host_alias_value=
ac_cv_env_target_alias_set=
ac_cv_env_target_alias_value=
ac_cv_exeext=
ac_cv_func_alloca_works=yes
ac_cv_func_atexit=yes
ac_cv_func_getopt_long=yes
ac_cv_func_isinf=yes
ac_cv_func_malloc_works=yes
ac_cv_func_memset=yes
ac_cv_func_select=yes
ac_cv_func_strcasecmp=yes
ac_cv_func_strerror=yes
ac_cv_func_strncasecmp=yes
ac_cv_header_inttypes_h=yes
ac_cv_header_libintl_h=yes
ac_cv_header_memory_h=yes
ac_cv_header_stdc=yes
ac_cv_header_stdint_h=yes
ac_cv_header_stdlib_h=yes
ac_cv_header_string_h=yes
ac_cv_header_strings_h=yes
ac_cv_header_sys_stat_h=yes
ac_cv_header_sys_time_h=yes
ac_cv_header_sys_types_h=yes
ac_cv_header_unistd_h=yes
ac_cv_lib_fl_yywrap=no
ac_cv_lib_l_yywrap=no
ac_cv_objext=o
ac_cv_path_install='/usr/bin/install -c'
ac_cv_prog_AWK=mawk
ac_cv_prog_CPP='gcc -E'
ac_cv_prog_YACC='bison -y'
ac_cv_prog_ac_ct_CC=gcc
ac_cv_prog_ac_ct_CXX=g++
ac_cv_prog_cc_g=yes
ac_cv_prog_cc_stdc=
ac_cv_prog_cxx_g=yes
ac_cv_prog_make_make_set=yes
ac_cv_search_gettext='none required'
ac_cv_type_size_t=yes
ac_cv_working_alloca_h=yes
am_cv_CC_dependencies_compiler_type=gcc3
am_cv_CXX_dependencies_compiler_type=gcc3

## ----------- ##
## confdefs.h. ##
## ----------- ##

#define PACKAGE_NAME "VHPOP"
#define PACKAGE_TARNAME "vhpop"
#define PACKAGE_VERSION "2.2"
#define PACKAGE_STRING "VHPOP 2.2"
#define PACKAGE_BUGREPORT "lorens@cs.cmu.edu"
#define PACKAGE "vhpop"
#define VERSION "2.2"
#ifdef __cplusplus
#include <stdlib.h>
#endif
#define HAVE_ALLOCA_H 1
#define HAVE_ALLOCA 1
#define STDC_HEADERS 1
#define HAVE_SYS_TYPES_H 1
#define HAVE_SYS_STAT_H 1
#define HAVE_STDLIB_H 1
#define HAVE_STRING_H 1
#define HAVE_MEMORY_H 1
#define HAVE_STRINGS_H 1
#define HAVE_INTTYPES_H 1
#define HAVE_STDINT_H 1
#define HAVE_UNISTD_H 1
#define HAVE_LIBINTL_H 1
#define HAVE_STDLIB_H 1
#define HAVE_STRING_H 1
#define HAVE_STRINGS_H 1
#define HAVE_SYS_TIME_H 1
#define HAVE_UNISTD_H 1
#define HAVE_STDLIB_H 1
#define HAVE_MALLOC 1
#define HAVE_ATEXIT 1
#define HAVE_MEMSET 1
#define HAVE_SELECT 1
#define HAVE_STRCASECMP 1
#define HAVE_STRERROR 1
#define HAVE_STRNCASECMP 1
#define HAVE_GETOPT_LONG 1
#define HAVE_ISINF 1

configure: exit 0
