
ff: parsing domain file
domain 'HANOI-DOMAIN' defined
 ... done.
ff: parsing problem file
problem 'HANOI-3' defined
 ... done.


no metric specified. plan length assumed.

checking for cyclic := effects --- OK.

ff: search configuration is EHC, if that fails then  best-first on 1*g(s) + 5*h(s) where
    metric is  plan length

Cueing down from goal distance:    3 into depth [1][2][3][4]
                                   2            [1][2]
                                   1            [1]
                                   0            

ff: found legal plan as follows

step    0: MOVE-DISK D1 D2 P1
        1: MOVE-DISK D2 D3 P2
        2: MOVE-DISK D1 P1 D2
        3: MOVE-DISK D3 P3 P1
        4: MOVE-DISK D1 D2 P3
        5: MOVE-DISK D2 P2 D3
        6: MOVE-DISK D1 P3 D2
     

time spent:    0.00 seconds instantiating 48 easy, 0 hard action templates
               0.00 seconds reachability analysis, yielding 18 facts and 38 actions
               0.00 seconds creating final representation with 17 relevant facts, 0 relevant fluents
               0.00 seconds computing LNF
               0.00 seconds building connectivity graph
               0.00 seconds searching, evaluating 14 states, to a max depth of 4
               0.00 seconds total time

